{"C:\\Users\\Peterlight\\Projects\\Savannah\\todo_nodejs\\ws_server\\src\\app.ts": {"path":"C:\\Users\\Peterlight\\Projects\\Savannah\\todo_nodejs\\ws_server\\src\\app.ts","statementMap":{"0":{"start":{"line":1,"column":0},"end":{"line":1,"column":30}},"1":{"start":{"line":2,"column":0},"end":{"line":2,"column":24}},"2":{"start":{"line":3,"column":0},"end":{"line":3,"column":51}},"3":{"start":{"line":4,"column":0},"end":{"line":4,"column":31}},"4":{"start":{"line":5,"column":0},"end":{"line":5,"column":70}},"5":{"start":{"line":6,"column":0},"end":{"line":6,"column":57}},"6":{"start":{"line":9,"column":13},"end":{"line":9,"column":null}},"7":{"start":{"line":11,"column":12},"end":{"line":11,"column":21}},"8":{"start":{"line":12,"column":15},"end":{"line":12,"column":37}},"9":{"start":{"line":13,"column":11},"end":{"line":13,"column":40}},"10":{"start":{"line":17,"column":0},"end":{"line":19,"column":3}},"11":{"start":{"line":22,"column":0},"end":{"line":32,"column":3}},"12":{"start":{"line":23,"column":21},"end":{"line":23,"column":105}},"13":{"start":{"line":24,"column":4},"end":{"line":28,"column":7}},"14":{"start":{"line":29,"column":29},"end":{"line":29,"column":66}},"15":{"start":{"line":30,"column":28},"end":{"line":30,"column":64}},"16":{"start":{"line":31,"column":4},"end":{"line":31,"column":80}},"17":{"start":{"line":34,"column":18},"end":{"line":34,"column":48}},"18":{"start":{"line":35,"column":13},"end":{"line":35,"column":null}},"19":{"start":{"line":38,"column":24},"end":{"line":41,"column":2}},"20":{"start":{"line":38,"column":50},"end":{"line":41,"column":2}},"21":{"start":{"line":39,"column":29},"end":{"line":39,"column":66}},"22":{"start":{"line":40,"column":4},"end":{"line":40,"column":null}},"23":{"start":{"line":40,"column":90},"end":{"line":40,"column":125}},"24":{"start":{"line":40,"column":141},"end":{"line":40,"column":195}},"25":{"start":{"line":38,"column":13},"end":{"line":38,"column":24}},"26":{"start":{"line":42,"column":0},"end":{"line":42,"column":22}}},"fnMap":{"0":{"name":"(anonymous_8)","decl":{"start":{"line":22,"column":20},"end":{"line":22,"column":21}},"loc":{"start":{"line":22,"column":31},"end":{"line":32,"column":1}}},"1":{"name":"(anonymous_9)","decl":{"start":{"line":38,"column":24},"end":{"line":38,"column":48}},"loc":{"start":{"line":38,"column":50},"end":{"line":41,"column":2}}},"2":{"name":"(anonymous_10)","decl":{"start":{"line":38,"column":50},"end":{"line":38,"column":null}},"loc":{"start":{"line":38,"column":50},"end":{"line":41,"column":1}}},"3":{"name":"(anonymous_11)","decl":{"start":{"line":40,"column":81},"end":{"line":40,"column":82}},"loc":{"start":{"line":40,"column":90},"end":{"line":40,"column":125}}},"4":{"name":"(anonymous_12)","decl":{"start":{"line":40,"column":132},"end":{"line":40,"column":133}},"loc":{"start":{"line":40,"column":141},"end":{"line":40,"column":195}}}},"branchMap":{"0":{"loc":{"start":{"line":23,"column":21},"end":{"line":23,"column":105}},"type":"binary-expr","locations":[{"start":{"line":23,"column":21},"end":{"line":23,"column":62}},{"start":{"line":23,"column":66},"end":{"line":23,"column":105}}]}},"s":{"0":1,"1":1,"2":1,"3":1,"4":1,"5":1,"6":1,"7":1,"8":1,"9":1,"10":1,"11":1,"12":6,"13":6,"14":6,"15":6,"16":6,"17":1,"18":1,"19":1,"20":1,"21":1,"22":1,"23":0,"24":1,"25":1,"26":1},"f":{"0":6,"1":1,"2":1,"3":0,"4":1},"b":{"0":[6,6]}}
,"C:\\Users\\Peterlight\\Projects\\Savannah\\todo_nodejs\\ws_server\\src\\server.ts": {"path":"C:\\Users\\Peterlight\\Projects\\Savannah\\todo_nodejs\\ws_server\\src\\server.ts","statementMap":{"0":{"start":{"line":2,"column":0},"end":{"line":2,"column":59}},"1":{"start":{"line":4,"column":0},"end":{"line":8,"column":null}},"2":{"start":{"line":5,"column":4},"end":{"line":7,"column":null}},"3":{"start":{"line":6,"column":8},"end":{"line":6,"column":null}}},"fnMap":{"0":{"name":"(anonymous_6)","decl":{"start":{"line":4,"column":16},"end":{"line":4,"column":19}},"loc":{"start":{"line":4,"column":21},"end":{"line":8,"column":1}}},"1":{"name":"(anonymous_7)","decl":{"start":{"line":5,"column":30},"end":{"line":5,"column":33}},"loc":{"start":{"line":5,"column":35},"end":{"line":7,"column":5}}}},"branchMap":{},"s":{"0":0,"1":0,"2":0,"3":0},"f":{"0":0,"1":0},"b":{}}
,"C:\\Users\\Peterlight\\Projects\\Savannah\\todo_nodejs\\ws_server\\src\\adapters\\http\\auth.ts": {"path":"C:\\Users\\Peterlight\\Projects\\Savannah\\todo_nodejs\\ws_server\\src\\adapters\\http\\auth.ts","statementMap":{"0":{"start":{"line":1,"column":0},"end":{"line":1,"column":26}},"1":{"start":{"line":14,"column":8},"end":{"line":14,"column":42}},"2":{"start":{"line":18,"column":8},"end":{"line":18,"column":null}},"3":{"start":{"line":22,"column":25},"end":{"line":28,"column":10}},"4":{"start":{"line":29,"column":8},"end":{"line":29,"column":29}},"5":{"start":{"line":9,"column":0},"end":{"line":9,"column":13}}},"fnMap":{"0":{"name":"(anonymous_8)","decl":{"start":{"line":13,"column":4},"end":{"line":13,"column":16}},"loc":{"start":{"line":13,"column":48},"end":{"line":15,"column":5}}},"1":{"name":"(anonymous_9)","decl":{"start":{"line":17,"column":4},"end":{"line":17,"column":16}},"loc":{"start":{"line":17,"column":28},"end":{"line":19,"column":5}}},"2":{"name":"(anonymous_10)","decl":{"start":{"line":21,"column":10},"end":{"line":21,"column":22}},"loc":{"start":{"line":21,"column":36},"end":{"line":30,"column":null}}}},"branchMap":{},"s":{"0":1,"1":0,"2":0,"3":0,"4":0,"5":1},"f":{"0":0,"1":0,"2":0},"b":{}}
,"C:\\Users\\Peterlight\\Projects\\Savannah\\todo_nodejs\\ws_server\\src\\adapters\\logger\\winston.ts": {"path":"C:\\Users\\Peterlight\\Projects\\Savannah\\todo_nodejs\\ws_server\\src\\adapters\\logger\\winston.ts","statementMap":{"0":{"start":{"line":1,"column":0},"end":{"line":1,"column":30}},"1":{"start":{"line":8,"column":8},"end":{"line":34,"column":11}},"2":{"start":{"line":13,"column":20},"end":{"line":15,"column":64}},"3":{"start":{"line":38,"column":8},"end":{"line":38,"column":34}},"4":{"start":{"line":42,"column":8},"end":{"line":42,"column":34}},"5":{"start":{"line":46,"column":8},"end":{"line":50,"column":9}},"6":{"start":{"line":47,"column":12},"end":{"line":47,"column":71}},"7":{"start":{"line":49,"column":12},"end":{"line":49,"column":39}},"8":{"start":{"line":4,"column":0},"end":{"line":4,"column":13}}},"fnMap":{"0":{"name":"(anonymous_1)","decl":{"start":{"line":7,"column":4},"end":{"line":7,"column":null}},"loc":{"start":{"line":7,"column":4},"end":{"line":35,"column":5}}},"1":{"name":"(anonymous_2)","decl":{"start":{"line":12,"column":38},"end":{"line":12,"column":39}},"loc":{"start":{"line":12,"column":77},"end":{"line":16,"column":17}}},"2":{"name":"(anonymous_3)","decl":{"start":{"line":37,"column":4},"end":{"line":37,"column":8}},"loc":{"start":{"line":37,"column":24},"end":{"line":39,"column":5}}},"3":{"name":"(anonymous_4)","decl":{"start":{"line":41,"column":4},"end":{"line":41,"column":8}},"loc":{"start":{"line":41,"column":24},"end":{"line":43,"column":5}}},"4":{"name":"(anonymous_5)","decl":{"start":{"line":45,"column":4},"end":{"line":45,"column":9}},"loc":{"start":{"line":45,"column":33},"end":{"line":51,"column":5}}}},"branchMap":{"0":{"loc":{"start":{"line":13,"column":27},"end":{"line":15,"column":63}},"type":"cond-expr","locations":[{"start":{"line":14,"column":26},"end":{"line":14,"column":74}},{"start":{"line":15,"column":26},"end":{"line":15,"column":63}}]},"1":{"loc":{"start":{"line":46,"column":8},"end":{"line":50,"column":9}},"type":"if","locations":[{"start":{"line":46,"column":8},"end":{"line":50,"column":9}},{"start":{"line":48,"column":15},"end":{"line":50,"column":9}}]}},"s":{"0":1,"1":1,"2":11,"3":11,"4":0,"5":0,"6":0,"7":0,"8":1},"f":{"0":1,"1":11,"2":11,"3":0,"4":0},"b":{"0":[0,11],"1":[0,0]}}
,"C:\\Users\\Peterlight\\Projects\\Savannah\\todo_nodejs\\ws_server\\src\\adapters\\message_queue\\rabbit_mq.ts": {"path":"C:\\Users\\Peterlight\\Projects\\Savannah\\todo_nodejs\\ws_server\\src\\adapters\\message_queue\\rabbit_mq.ts","statementMap":{"0":{"start":{"line":1,"column":0},"end":{"line":1,"column":38}},"1":{"start":{"line":4,"column":0},"end":{"line":4,"column":44}},"2":{"start":{"line":21,"column":8},"end":{"line":21,"column":56}},"3":{"start":{"line":22,"column":8},"end":{"line":22,"column":42}},"4":{"start":{"line":23,"column":8},"end":{"line":23,"column":null}},"5":{"start":{"line":24,"column":8},"end":{"line":24,"column":28}},"6":{"start":{"line":28,"column":8},"end":{"line":28,"column":null}},"7":{"start":{"line":29,"column":25},"end":{"line":29,"column":48}},"8":{"start":{"line":30,"column":8},"end":{"line":32,"column":9}},"9":{"start":{"line":31,"column":12},"end":{"line":31,"column":null}},"10":{"start":{"line":36,"column":27},"end":{"line":36,"column":75}},"11":{"start":{"line":37,"column":24},"end":{"line":37,"column":56}},"12":{"start":{"line":38,"column":8},"end":{"line":38,"column":45}},"13":{"start":{"line":39,"column":8},"end":{"line":39,"column":31}},"14":{"start":{"line":40,"column":8},"end":{"line":48,"column":11}},"15":{"start":{"line":41,"column":12},"end":{"line":47,"column":13}},"16":{"start":{"line":42,"column":32},"end":{"line":42,"column":54}},"17":{"start":{"line":43,"column":16},"end":{"line":43,"column":null}},"18":{"start":{"line":44,"column":29},"end":{"line":44,"column":48}},"19":{"start":{"line":45,"column":16},"end":{"line":45,"column":40}},"20":{"start":{"line":46,"column":16},"end":{"line":46,"column":33}},"21":{"start":{"line":52,"column":8},"end":{"line":67,"column":9}},"22":{"start":{"line":54,"column":16},"end":{"line":54,"column":80}},"23":{"start":{"line":55,"column":16},"end":{"line":55,"column":22}},"24":{"start":{"line":57,"column":16},"end":{"line":57,"column":80}},"25":{"start":{"line":58,"column":16},"end":{"line":58,"column":22}},"26":{"start":{"line":60,"column":16},"end":{"line":60,"column":80}},"27":{"start":{"line":61,"column":16},"end":{"line":61,"column":22}},"28":{"start":{"line":63,"column":16},"end":{"line":63,"column":85}},"29":{"start":{"line":64,"column":16},"end":{"line":64,"column":22}},"30":{"start":{"line":66,"column":16},"end":{"line":66,"column":22}},"31":{"start":{"line":13,"column":0},"end":{"line":13,"column":13}}},"fnMap":{"0":{"name":"(anonymous_8)","decl":{"start":{"line":20,"column":4},"end":{"line":20,"column":16}},"loc":{"start":{"line":20,"column":45},"end":{"line":25,"column":5}}},"1":{"name":"(anonymous_9)","decl":{"start":{"line":27,"column":10},"end":{"line":27,"column":21}},"loc":{"start":{"line":27,"column":53},"end":{"line":33,"column":null}}},"2":{"name":"(anonymous_11)","decl":{"start":{"line":35,"column":10},"end":{"line":35,"column":27}},"loc":{"start":{"line":35,"column":45},"end":{"line":49,"column":null}}},"3":{"name":"(anonymous_13)","decl":{"start":{"line":40,"column":35},"end":{"line":40,"column":36}},"loc":{"start":{"line":40,"column":43},"end":{"line":48,"column":9}}},"4":{"name":"(anonymous_14)","decl":{"start":{"line":51,"column":12},"end":{"line":51,"column":24}},"loc":{"start":{"line":51,"column":34},"end":{"line":69,"column":5}}}},"branchMap":{"0":{"loc":{"start":{"line":28,"column":14},"end":{"line":28,"column":50}},"type":"cond-expr","locations":[{"start":{"line":28,"column":26},"end":{"line":28,"column":28}},{"start":{"line":28,"column":26},"end":{"line":28,"column":50}}]},"1":{"loc":{"start":{"line":28,"column":14},"end":{"line":28,"column":28}},"type":"binary-expr","locations":[{"start":{"line":28,"column":14},"end":{"line":28,"column":28}},{"start":{"line":28,"column":26},"end":{"line":28,"column":28}}]},"2":{"loc":{"start":{"line":30,"column":8},"end":{"line":32,"column":9}},"type":"if","locations":[{"start":{"line":30,"column":8},"end":{"line":32,"column":9}}]},"3":{"loc":{"start":{"line":30,"column":12},"end":{"line":30,"column":71}},"type":"cond-expr","locations":[{"start":{"line":30,"column":24},"end":{"line":30,"column":26}},{"start":{"line":30,"column":24},"end":{"line":30,"column":71}}]},"4":{"loc":{"start":{"line":30,"column":12},"end":{"line":30,"column":26}},"type":"binary-expr","locations":[{"start":{"line":30,"column":12},"end":{"line":30,"column":26}},{"start":{"line":30,"column":24},"end":{"line":30,"column":26}}]},"5":{"loc":{"start":{"line":41,"column":12},"end":{"line":47,"column":13}},"type":"if","locations":[{"start":{"line":41,"column":12},"end":{"line":47,"column":13}}]},"6":{"loc":{"start":{"line":52,"column":8},"end":{"line":67,"column":9}},"type":"switch","locations":[{"start":{"line":53,"column":12},"end":{"line":55,"column":22}},{"start":{"line":56,"column":12},"end":{"line":58,"column":22}},{"start":{"line":59,"column":12},"end":{"line":61,"column":22}},{"start":{"line":62,"column":12},"end":{"line":64,"column":22}},{"start":{"line":65,"column":12},"end":{"line":66,"column":22}}]}},"s":{"0":1,"1":1,"2":1,"3":1,"4":1,"5":1,"6":3,"7":2,"8":2,"9":2,"10":1,"11":1,"12":1,"13":1,"14":1,"15":1,"16":1,"17":1,"18":1,"19":1,"20":1,"21":1,"22":1,"23":1,"24":0,"25":0,"26":0,"27":0,"28":0,"29":0,"30":0,"31":1},"f":{"0":1,"1":3,"2":1,"3":1,"4":1},"b":{"0":[0,3],"1":[3,3],"2":[2],"3":[0,2],"4":[2,2],"5":[1],"6":[1,0,0,0,0]}}
,"C:\\Users\\Peterlight\\Projects\\Savannah\\todo_nodejs\\ws_server\\src\\adapters\\ws\\socket_notification.ts": {"path":"C:\\Users\\Peterlight\\Projects\\Savannah\\todo_nodejs\\ws_server\\src\\adapters\\ws\\socket_notification.ts","statementMap":{"0":{"start":{"line":12,"column":8},"end":{"line":12,"column":28}},"1":{"start":{"line":16,"column":8},"end":{"line":16,"column":57}},"2":{"start":{"line":20,"column":8},"end":{"line":20,"column":28}},"3":{"start":{"line":8,"column":0},"end":{"line":8,"column":13}}},"fnMap":{"0":{"name":"(anonymous_0)","decl":{"start":{"line":11,"column":4},"end":{"line":11,"column":16}},"loc":{"start":{"line":11,"column":57},"end":{"line":13,"column":5}}},"1":{"name":"(anonymous_1)","decl":{"start":{"line":15,"column":4},"end":{"line":15,"column":14}},"loc":{"start":{"line":15,"column":43},"end":{"line":17,"column":5}}},"2":{"name":"(anonymous_2)","decl":{"start":{"line":19,"column":4},"end":{"line":19,"column":22}},"loc":{"start":{"line":19,"column":53},"end":{"line":21,"column":5}}}},"branchMap":{},"s":{"0":1,"1":5,"2":6,"3":1},"f":{"0":1,"1":5,"2":6},"b":{}}
,"C:\\Users\\Peterlight\\Projects\\Savannah\\todo_nodejs\\ws_server\\src\\application\\socket\\handler.ts": {"path":"C:\\Users\\Peterlight\\Projects\\Savannah\\todo_nodejs\\ws_server\\src\\application\\socket\\handler.ts","statementMap":{"0":{"start":{"line":7,"column":40},"end":{"line":40,"column":1}},"1":{"start":{"line":14,"column":4},"end":{"line":16,"column":7}},"2":{"start":{"line":15,"column":8},"end":{"line":15,"column":101}},"3":{"start":{"line":19,"column":4},"end":{"line":21,"column":7}},"4":{"start":{"line":20,"column":8},"end":{"line":20,"column":56}},"5":{"start":{"line":22,"column":18},"end":{"line":22,"column":80}},"6":{"start":{"line":24,"column":4},"end":{"line":39,"column":7}},"7":{"start":{"line":25,"column":8},"end":{"line":34,"column":9}},"8":{"start":{"line":27,"column":13},"end":{"line":27,"column":47}},"9":{"start":{"line":29,"column":12},"end":{"line":29,"column":73}},"10":{"start":{"line":31,"column":12},"end":{"line":31,"column":null}},"11":{"start":{"line":32,"column":12},"end":{"line":32,"column":74}},"12":{"start":{"line":33,"column":12},"end":{"line":33,"column":32}},"13":{"start":{"line":36,"column":8},"end":{"line":36,"column":null}},"14":{"start":{"line":37,"column":8},"end":{"line":37,"column":70}},"15":{"start":{"line":38,"column":8},"end":{"line":38,"column":28}},"16":{"start":{"line":7,"column":13},"end":{"line":7,"column":40}}},"fnMap":{"0":{"name":"(anonymous_0)","decl":{"start":{"line":7,"column":40},"end":{"line":7,"column":null}},"loc":{"start":{"line":12,"column":4},"end":{"line":40,"column":1}}},"1":{"name":"(anonymous_1)","decl":{"start":{"line":14,"column":17},"end":{"line":14,"column":18}},"loc":{"start":{"line":14,"column":36},"end":{"line":16,"column":5}}},"2":{"name":"(anonymous_2)","decl":{"start":{"line":19,"column":28},"end":{"line":19,"column":31}},"loc":{"start":{"line":19,"column":33},"end":{"line":21,"column":5}}},"3":{"name":"(anonymous_3)","decl":{"start":{"line":24,"column":41},"end":{"line":24,"column":42}},"loc":{"start":{"line":24,"column":57},"end":{"line":35,"column":5}}},"4":{"name":"(anonymous_4)","decl":{"start":{"line":35,"column":13},"end":{"line":35,"column":14}},"loc":{"start":{"line":35,"column":21},"end":{"line":39,"column":5}}}},"branchMap":{"0":{"loc":{"start":{"line":22,"column":18},"end":{"line":22,"column":80}},"type":"binary-expr","locations":[{"start":{"line":22,"column":18},"end":{"line":22,"column":45}},{"start":{"line":22,"column":49},"end":{"line":22,"column":79}}]},"1":{"loc":{"start":{"line":22,"column":49},"end":{"line":22,"column":79}},"type":"cond-expr","locations":[{"start":{"line":22,"column":73},"end":{"line":22,"column":75}},{"start":{"line":22,"column":73},"end":{"line":22,"column":79}}]},"2":{"loc":{"start":{"line":22,"column":49},"end":{"line":22,"column":75}},"type":"binary-expr","locations":[{"start":{"line":22,"column":49},"end":{"line":22,"column":75}},{"start":{"line":22,"column":73},"end":{"line":22,"column":75}}]},"3":{"loc":{"start":{"line":25,"column":8},"end":{"line":34,"column":9}},"type":"if","locations":[{"start":{"line":25,"column":8},"end":{"line":34,"column":9}},{"start":{"line":30,"column":15},"end":{"line":34,"column":9}}]}},"s":{"0":1,"1":6,"2":0,"3":6,"4":0,"5":6,"6":6,"7":6,"8":6,"9":6,"10":0,"11":0,"12":0,"13":0,"14":0,"15":0,"16":1},"f":{"0":6,"1":0,"2":0,"3":6,"4":0},"b":{"0":[6,6],"1":[0,6],"2":[6,6],"3":[6,0]}}
,"C:\\Users\\Peterlight\\Projects\\Savannah\\todo_nodejs\\ws_server\\src\\application\\socket\\index.ts": {"path":"C:\\Users\\Peterlight\\Projects\\Savannah\\todo_nodejs\\ws_server\\src\\application\\socket\\index.ts","statementMap":{"0":{"start":{"line":1,"column":0},"end":{"line":1,"column":51}},"1":{"start":{"line":3,"column":30},"end":{"line":10,"column":1}},"2":{"start":{"line":4,"column":4},"end":{"line":9,"column":7}},"3":{"start":{"line":12,"column":0},"end":{"line":12,"column":37}}},"fnMap":{"0":{"name":"(anonymous_0)","decl":{"start":{"line":3,"column":30},"end":{"line":3,"column":31}},"loc":{"start":{"line":3,"column":46},"end":{"line":10,"column":1}}}},"branchMap":{},"s":{"0":1,"1":1,"2":1,"3":1},"f":{"0":1},"b":{}}
,"C:\\Users\\Peterlight\\Projects\\Savannah\\todo_nodejs\\ws_server\\src\\config\\index.ts": {"path":"C:\\Users\\Peterlight\\Projects\\Savannah\\todo_nodejs\\ws_server\\src\\config\\index.ts","statementMap":{"0":{"start":{"line":1,"column":0},"end":{"line":1,"column":28}},"1":{"start":{"line":2,"column":0},"end":{"line":2,"column":24}},"2":{"start":{"line":9,"column":8},"end":{"line":11,"column":11}},"3":{"start":{"line":15,"column":8},"end":{"line":15,"column":null}},"4":{"start":{"line":19,"column":8},"end":{"line":19,"column":null}},"5":{"start":{"line":23,"column":8},"end":{"line":23,"column":null}},"6":{"start":{"line":27,"column":8},"end":{"line":27,"column":null}},"7":{"start":{"line":31,"column":8},"end":{"line":31,"column":null}},"8":{"start":{"line":7,"column":0},"end":{"line":7,"column":21}}},"fnMap":{"0":{"name":"(anonymous_1)","decl":{"start":{"line":8,"column":4},"end":{"line":8,"column":10}},"loc":{"start":{"line":8,"column":19},"end":{"line":12,"column":5}}},"1":{"name":"(anonymous_2)","decl":{"start":{"line":14,"column":4},"end":{"line":14,"column":10}},"loc":{"start":{"line":14,"column":26},"end":{"line":16,"column":5}}},"2":{"name":"(anonymous_3)","decl":{"start":{"line":18,"column":4},"end":{"line":18,"column":10}},"loc":{"start":{"line":18,"column":54},"end":{"line":20,"column":5}}},"3":{"name":"(anonymous_4)","decl":{"start":{"line":22,"column":4},"end":{"line":22,"column":10}},"loc":{"start":{"line":22,"column":35},"end":{"line":24,"column":5}}},"4":{"name":"(anonymous_5)","decl":{"start":{"line":26,"column":4},"end":{"line":26,"column":10}},"loc":{"start":{"line":26,"column":28},"end":{"line":28,"column":5}}},"5":{"name":"(anonymous_6)","decl":{"start":{"line":30,"column":4},"end":{"line":30,"column":10}},"loc":{"start":{"line":30,"column":33},"end":{"line":32,"column":5}}}},"branchMap":{"0":{"loc":{"start":{"line":15,"column":15},"end":{"line":15,"column":70}},"type":"binary-expr","locations":[{"start":{"line":15,"column":15},"end":{"line":15,"column":60}},{"start":{"line":15,"column":64},"end":{"line":15,"column":70}}]}},"s":{"0":1,"1":1,"2":1,"3":2,"4":0,"5":0,"6":1,"7":2,"8":1},"f":{"0":1,"1":2,"2":0,"3":0,"4":1,"5":2},"b":{"0":[2,0]}}
,"C:\\Users\\Peterlight\\Projects\\Savannah\\todo_nodejs\\ws_server\\src\\core\\entities\\task.ts": {"path":"C:\\Users\\Peterlight\\Projects\\Savannah\\todo_nodejs\\ws_server\\src\\core\\entities\\task.ts","statementMap":{"0":{"start":{"line":1,"column":0},"end":{"line":1,"column":41}},"1":{"start":{"line":23,"column":8},"end":{"line":23,"column":null}},"2":{"start":{"line":24,"column":8},"end":{"line":24,"column":null}},"3":{"start":{"line":25,"column":8},"end":{"line":25,"column":null}},"4":{"start":{"line":26,"column":8},"end":{"line":26,"column":null}},"5":{"start":{"line":27,"column":8},"end":{"line":27,"column":null}},"6":{"start":{"line":28,"column":8},"end":{"line":28,"column":null}},"7":{"start":{"line":29,"column":8},"end":{"line":29,"column":null}},"8":{"start":{"line":33,"column":8},"end":{"line":33,"column":null}},"9":{"start":{"line":37,"column":8},"end":{"line":37,"column":null}},"10":{"start":{"line":13,"column":0},"end":{"line":13,"column":21}}},"fnMap":{"0":{"name":"(anonymous_0)","decl":{"start":{"line":22,"column":4},"end":{"line":22,"column":16}},"loc":{"start":{"line":22,"column":34},"end":{"line":30,"column":5}}},"1":{"name":"(anonymous_1)","decl":{"start":{"line":32,"column":4},"end":{"line":32,"column":8}},"loc":{"start":{"line":32,"column":10},"end":{"line":34,"column":5}}},"2":{"name":"(anonymous_2)","decl":{"start":{"line":36,"column":4},"end":{"line":36,"column":8}},"loc":{"start":{"line":36,"column":12},"end":{"line":38,"column":5}}}},"branchMap":{},"s":{"0":1,"1":1,"2":1,"3":1,"4":1,"5":1,"6":1,"7":1,"8":0,"9":1,"10":1},"f":{"0":1,"1":0,"2":1},"b":{}}
,"C:\\Users\\Peterlight\\Projects\\Savannah\\todo_nodejs\\ws_server\\src\\core\\entities\\user.ts": {"path":"C:\\Users\\Peterlight\\Projects\\Savannah\\todo_nodejs\\ws_server\\src\\core\\entities\\user.ts","statementMap":{"0":{"start":{"line":15,"column":8},"end":{"line":15,"column":36}},"1":{"start":{"line":19,"column":8},"end":{"line":19,"column":null}},"2":{"start":{"line":8,"column":0},"end":{"line":8,"column":21}}},"fnMap":{"0":{"name":"(anonymous_0)","decl":{"start":{"line":14,"column":4},"end":{"line":14,"column":16}},"loc":{"start":{"line":14,"column":34},"end":{"line":16,"column":5}}},"1":{"name":"(anonymous_1)","decl":{"start":{"line":18,"column":4},"end":{"line":18,"column":8}},"loc":{"start":{"line":18,"column":10},"end":{"line":20,"column":5}}}},"branchMap":{},"s":{"0":0,"1":0,"2":0},"f":{"0":0,"1":0},"b":{}}
,"C:\\Users\\Peterlight\\Projects\\Savannah\\todo_nodejs\\ws_server\\src\\core\\entities\\helpers\\index.ts": {"path":"C:\\Users\\Peterlight\\Projects\\Savannah\\todo_nodejs\\ws_server\\src\\core\\entities\\helpers\\index.ts","statementMap":{"0":{"start":{"line":3,"column":22},"end":{"line":3,"column":24}},"1":{"start":{"line":4,"column":8},"end":{"line":8,"column":9}},"2":{"start":{"line":5,"column":12},"end":{"line":7,"column":13}},"3":{"start":{"line":6,"column":16},"end":{"line":6,"column":51}},"4":{"start":{"line":9,"column":8},"end":{"line":9,"column":21}},"5":{"start":{"line":1,"column":0},"end":{"line":1,"column":13}}},"fnMap":{"0":{"name":"(anonymous_0)","decl":{"start":{"line":2,"column":4},"end":{"line":2,"column":10}},"loc":{"start":{"line":2,"column":50},"end":{"line":10,"column":5}}}},"branchMap":{"0":{"loc":{"start":{"line":5,"column":12},"end":{"line":7,"column":13}},"type":"if","locations":[{"start":{"line":5,"column":12},"end":{"line":7,"column":13}}]},"1":{"loc":{"start":{"line":5,"column":16},"end":{"line":5,"column":53}},"type":"binary-expr","locations":[{"start":{"line":5,"column":16},"end":{"line":5,"column":30}},{"start":{"line":5,"column":34},"end":{"line":5,"column":53}}]}},"s":{"0":1,"1":1,"2":7,"3":7,"4":1,"5":1},"f":{"0":1},"b":{"0":[7],"1":[7,7]}}
,"C:\\Users\\Peterlight\\Projects\\Savannah\\todo_nodejs\\ws_server\\src\\core\\usecases\\notify_task_events.ts": {"path":"C:\\Users\\Peterlight\\Projects\\Savannah\\todo_nodejs\\ws_server\\src\\core\\usecases\\notify_task_events.ts","statementMap":{"0":{"start":{"line":8,"column":0},"end":{"line":8,"column":null}},"1":{"start":{"line":9,"column":4},"end":{"line":9,"column":null}},"2":{"start":{"line":10,"column":4},"end":{"line":10,"column":null}},"3":{"start":{"line":11,"column":4},"end":{"line":11,"column":null}},"4":{"start":{"line":12,"column":4},"end":{"line":12,"column":null}},"5":{"start":{"line":19,"column":8},"end":{"line":19,"column":56}},"6":{"start":{"line":23,"column":8},"end":{"line":26,"column":11}},"7":{"start":{"line":30,"column":8},"end":{"line":33,"column":11}},"8":{"start":{"line":37,"column":8},"end":{"line":40,"column":11}},"9":{"start":{"line":41,"column":8},"end":{"line":46,"column":9}},"10":{"start":{"line":42,"column":12},"end":{"line":45,"column":15}},"11":{"start":{"line":50,"column":8},"end":{"line":53,"column":11}},"12":{"start":{"line":54,"column":8},"end":{"line":59,"column":9}},"13":{"start":{"line":55,"column":12},"end":{"line":58,"column":15}},"14":{"start":{"line":15,"column":0},"end":{"line":15,"column":13}}},"fnMap":{"0":{"name":"(anonymous_0)","decl":{"start":{"line":8,"column":0},"end":{"line":8,"column":5}},"loc":{"start":{"line":8,"column":30},"end":{"line":13,"column":1}}},"1":{"name":"(anonymous_1)","decl":{"start":{"line":18,"column":4},"end":{"line":18,"column":16}},"loc":{"start":{"line":18,"column":46},"end":{"line":20,"column":5}}},"2":{"name":"(anonymous_2)","decl":{"start":{"line":22,"column":4},"end":{"line":22,"column":21}},"loc":{"start":{"line":22,"column":32},"end":{"line":27,"column":5}}},"3":{"name":"(anonymous_3)","decl":{"start":{"line":29,"column":4},"end":{"line":29,"column":21}},"loc":{"start":{"line":29,"column":32},"end":{"line":34,"column":5}}},"4":{"name":"(anonymous_4)","decl":{"start":{"line":36,"column":4},"end":{"line":36,"column":21}},"loc":{"start":{"line":36,"column":32},"end":{"line":47,"column":5}}},"5":{"name":"(anonymous_5)","decl":{"start":{"line":49,"column":4},"end":{"line":49,"column":26}},"loc":{"start":{"line":49,"column":37},"end":{"line":60,"column":5}}}},"branchMap":{"0":{"loc":{"start":{"line":8,"column":5},"end":{"line":8,"column":null}},"type":"binary-expr","locations":[{"start":{"line":8,"column":5},"end":{"line":8,"column":30}},{"start":{"line":8,"column":5},"end":{"line":8,"column":null}}]},"1":{"loc":{"start":{"line":41,"column":8},"end":{"line":46,"column":9}},"type":"if","locations":[{"start":{"line":41,"column":8},"end":{"line":46,"column":9}}]},"2":{"loc":{"start":{"line":54,"column":8},"end":{"line":59,"column":9}},"type":"if","locations":[{"start":{"line":54,"column":8},"end":{"line":59,"column":9}}]}},"s":{"0":1,"1":1,"2":1,"3":1,"4":1,"5":1,"6":2,"7":1,"8":1,"9":1,"10":0,"11":1,"12":1,"13":0,"14":1},"f":{"0":1,"1":1,"2":2,"3":1,"4":1,"5":1},"b":{"0":[1,1],"1":[0],"2":[0]}}
,"C:\\Users\\Peterlight\\Projects\\Savannah\\todo_nodejs\\ws_server\\src\\infrastructure\\container.ts": {"path":"C:\\Users\\Peterlight\\Projects\\Savannah\\todo_nodejs\\ws_server\\src\\infrastructure\\container.ts","statementMap":{"0":{"start":{"line":1,"column":0},"end":{"line":1,"column":74}},"1":{"start":{"line":2,"column":0},"end":{"line":2,"column":69}},"2":{"start":{"line":6,"column":0},"end":{"line":6,"column":34}},"3":{"start":{"line":7,"column":0},"end":{"line":7,"column":79}},"4":{"start":{"line":9,"column":0},"end":{"line":9,"column":57}},"5":{"start":{"line":10,"column":0},"end":{"line":10,"column":68}},"6":{"start":{"line":12,"column":0},"end":{"line":12,"column":57}},"7":{"start":{"line":24,"column":0},"end":{"line":24,"column":null}},"8":{"start":{"line":27,"column":58},"end":{"line":27,"column":98}},"9":{"start":{"line":30,"column":0},"end":{"line":38,"column":3}},"10":{"start":{"line":40,"column":0},"end":{"line":40,"column":25}}},"fnMap":{},"branchMap":{},"s":{"0":1,"1":1,"2":1,"3":1,"4":1,"5":1,"6":1,"7":1,"8":1,"9":1,"10":1},"f":{},"b":{}}
,"C:\\Users\\Peterlight\\Projects\\Savannah\\todo_nodejs\\ws_server\\src\\tests\\mocks\\AuthService.ts": {"path":"C:\\Users\\Peterlight\\Projects\\Savannah\\todo_nodejs\\ws_server\\src\\tests\\mocks\\AuthService.ts","statementMap":{"0":{"start":{"line":3,"column":13},"end":{"line":5,"column":2}}},"fnMap":{},"branchMap":{},"s":{"0":1},"f":{},"b":{}}
,"C:\\Users\\Peterlight\\Projects\\Savannah\\todo_nodejs\\ws_server\\src\\tests\\mocks\\index.ts": {"path":"C:\\Users\\Peterlight\\Projects\\Savannah\\todo_nodejs\\ws_server\\src\\tests\\mocks\\index.ts","statementMap":{"0":{"start":{"line":1,"column":0},"end":{"line":1,"column":38}},"1":{"start":{"line":7,"column":20},"end":{"line":7,"column":52}},"2":{"start":{"line":8,"column":8},"end":{"line":14,"column":10}},"3":{"start":{"line":18,"column":20},"end":{"line":18,"column":52}},"4":{"start":{"line":19,"column":22},"end":{"line":28,"column":null}},"5":{"start":{"line":29,"column":8},"end":{"line":31,"column":null}},"6":{"start":{"line":5,"column":0},"end":{"line":5,"column":21}}},"fnMap":{"0":{"name":"(anonymous_0)","decl":{"start":{"line":6,"column":4},"end":{"line":6,"column":10}},"loc":{"start":{"line":6,"column":27},"end":{"line":15,"column":5}}},"1":{"name":"(anonymous_1)","decl":{"start":{"line":17,"column":4},"end":{"line":17,"column":10}},"loc":{"start":{"line":17,"column":65},"end":{"line":34,"column":5}}}},"branchMap":{"0":{"loc":{"start":{"line":23,"column":24},"end":{"line":23,"column":70}},"type":"binary-expr","locations":[{"start":{"line":23,"column":24},"end":{"line":23,"column":34}},{"start":{"line":23,"column":38},"end":{"line":23,"column":70}}]},"1":{"loc":{"start":{"line":27,"column":21},"end":{"line":27,"column":64}},"type":"binary-expr","locations":[{"start":{"line":27,"column":21},"end":{"line":27,"column":28}},{"start":{"line":27,"column":32},"end":{"line":27,"column":64}}]}},"s":{"0":1,"1":1,"2":1,"3":5,"4":5,"5":5,"6":1},"f":{"0":1,"1":5},"b":{"0":[5,0],"1":[5,0]}}
}
