TN:
SF:src\app.ts
FN:22,(anonymous_8)
FN:38,(anonymous_9)
FN:38,(anonymous_10)
FN:40,(anonymous_11)
FN:40,(anonymous_12)
FNF:5
FNH:4
FNDA:6,(anonymous_8)
FNDA:1,(anonymous_9)
FNDA:1,(anonymous_10)
FNDA:0,(anonymous_11)
FNDA:1,(anonymous_12)
DA:1,1
DA:2,1
DA:3,1
DA:4,1
DA:5,1
DA:6,1
DA:9,1
DA:11,1
DA:12,1
DA:13,1
DA:17,1
DA:22,1
DA:23,6
DA:24,6
DA:29,6
DA:30,6
DA:31,6
DA:34,1
DA:35,1
DA:38,1
DA:39,1
DA:40,1
DA:42,1
LF:23
LH:23
BRDA:23,0,0,6
BRDA:23,0,1,6
BRF:2
BRH:2
end_of_record
TN:
SF:src\server.ts
FN:4,(anonymous_6)
FN:5,(anonymous_7)
FNF:2
FNH:0
FNDA:0,(anonymous_6)
FNDA:0,(anonymous_7)
DA:2,0
DA:4,0
DA:5,0
DA:6,0
LF:4
LH:0
BRF:0
BRH:0
end_of_record
TN:
SF:src\adapters\http\auth.ts
FN:13,(anonymous_8)
FN:17,(anonymous_9)
FN:21,(anonymous_10)
FNF:3
FNH:0
FNDA:0,(anonymous_8)
FNDA:0,(anonymous_9)
FNDA:0,(anonymous_10)
DA:1,1
DA:9,1
DA:14,0
DA:18,0
DA:22,0
DA:29,0
LF:6
LH:2
BRF:0
BRH:0
end_of_record
TN:
SF:src\adapters\logger\winston.ts
FN:7,(anonymous_1)
FN:12,(anonymous_2)
FN:37,(anonymous_3)
FN:41,(anonymous_4)
FN:45,(anonymous_5)
FNF:5
FNH:3
FNDA:1,(anonymous_1)
FNDA:11,(anonymous_2)
FNDA:11,(anonymous_3)
FNDA:0,(anonymous_4)
FNDA:0,(anonymous_5)
DA:1,1
DA:4,1
DA:8,1
DA:13,11
DA:38,11
DA:42,0
DA:46,0
DA:47,0
DA:49,0
LF:9
LH:5
BRDA:13,0,0,0
BRDA:13,0,1,11
BRDA:46,1,0,0
BRDA:46,1,1,0
BRF:4
BRH:1
end_of_record
TN:
SF:src\adapters\message_queue\rabbit_mq.ts
FN:20,(anonymous_8)
FN:27,(anonymous_9)
FN:35,(anonymous_11)
FN:40,(anonymous_13)
FN:51,(anonymous_14)
FNF:5
FNH:5
FNDA:1,(anonymous_8)
FNDA:3,(anonymous_9)
FNDA:1,(anonymous_11)
FNDA:1,(anonymous_13)
FNDA:1,(anonymous_14)
DA:1,1
DA:4,1
DA:13,1
DA:21,1
DA:22,1
DA:23,1
DA:24,1
DA:28,3
DA:29,2
DA:30,2
DA:31,2
DA:36,1
DA:37,1
DA:38,1
DA:39,1
DA:40,1
DA:41,1
DA:42,1
DA:43,1
DA:44,1
DA:45,1
DA:46,1
DA:52,1
DA:54,1
DA:55,1
DA:57,0
DA:58,0
DA:60,0
DA:61,0
DA:63,0
DA:64,0
DA:66,0
LF:32
LH:25
BRDA:28,0,0,0
BRDA:28,0,1,3
BRDA:28,1,0,3
BRDA:28,1,1,3
BRDA:30,2,0,2
BRDA:30,3,0,0
BRDA:30,3,1,2
BRDA:30,4,0,2
BRDA:30,4,1,2
BRDA:41,5,0,1
BRDA:52,6,0,1
BRDA:52,6,1,0
BRDA:52,6,2,0
BRDA:52,6,3,0
BRDA:52,6,4,0
BRF:15
BRH:9
end_of_record
TN:
SF:src\adapters\ws\socket_notification.ts
FN:11,(anonymous_0)
FN:15,(anonymous_1)
FN:19,(anonymous_2)
FNF:3
FNH:3
FNDA:1,(anonymous_0)
FNDA:5,(anonymous_1)
FNDA:6,(anonymous_2)
DA:8,1
DA:12,1
DA:16,5
DA:20,6
LF:4
LH:4
BRF:0
BRH:0
end_of_record
TN:
SF:src\application\socket\handler.ts
FN:7,(anonymous_0)
FN:14,(anonymous_1)
FN:19,(anonymous_2)
FN:24,(anonymous_3)
FN:35,(anonymous_4)
FNF:5
FNH:2
FNDA:6,(anonymous_0)
FNDA:0,(anonymous_1)
FNDA:0,(anonymous_2)
FNDA:6,(anonymous_3)
FNDA:0,(anonymous_4)
DA:7,1
DA:14,6
DA:15,0
DA:19,6
DA:20,0
DA:22,6
DA:24,6
DA:25,6
DA:27,6
DA:29,6
DA:31,0
DA:32,0
DA:33,0
DA:36,0
DA:37,0
DA:38,0
LF:16
LH:8
BRDA:22,0,0,6
BRDA:22,0,1,6
BRDA:22,1,0,0
BRDA:22,1,1,6
BRDA:22,2,0,6
BRDA:22,2,1,6
BRDA:25,3,0,6
BRDA:25,3,1,0
BRF:8
BRH:6
end_of_record
TN:
SF:src\application\socket\index.ts
FN:3,(anonymous_0)
FNF:1
FNH:1
FNDA:1,(anonymous_0)
DA:1,1
DA:3,1
DA:4,1
DA:12,1
LF:4
LH:4
BRF:0
BRH:0
end_of_record
TN:
SF:src\config\index.ts
FN:8,(anonymous_1)
FN:14,(anonymous_2)
FN:18,(anonymous_3)
FN:22,(anonymous_4)
FN:26,(anonymous_5)
FN:30,(anonymous_6)
FNF:6
FNH:4
FNDA:1,(anonymous_1)
FNDA:2,(anonymous_2)
FNDA:0,(anonymous_3)
FNDA:0,(anonymous_4)
FNDA:1,(anonymous_5)
FNDA:2,(anonymous_6)
DA:1,1
DA:2,1
DA:7,1
DA:9,1
DA:15,2
DA:19,0
DA:23,0
DA:27,1
DA:31,2
LF:9
LH:7
BRDA:15,0,0,2
BRDA:15,0,1,0
BRF:2
BRH:1
end_of_record
TN:
SF:src\core\entities\task.ts
FN:22,(anonymous_0)
FN:32,(anonymous_1)
FN:36,(anonymous_2)
FNF:3
FNH:2
FNDA:1,(anonymous_0)
FNDA:0,(anonymous_1)
FNDA:1,(anonymous_2)
DA:1,1
DA:13,1
DA:23,1
DA:24,1
DA:25,1
DA:26,1
DA:27,1
DA:28,1
DA:29,1
DA:33,0
DA:37,1
LF:11
LH:10
BRF:0
BRH:0
end_of_record
TN:
SF:src\core\entities\user.ts
FN:14,(anonymous_0)
FN:18,(anonymous_1)
FNF:2
FNH:0
FNDA:0,(anonymous_0)
FNDA:0,(anonymous_1)
DA:8,0
DA:15,0
DA:19,0
LF:3
LH:0
BRF:0
BRH:0
end_of_record
TN:
SF:src\core\entities\helpers\index.ts
FN:2,(anonymous_0)
FNF:1
FNH:1
FNDA:1,(anonymous_0)
DA:1,1
DA:3,1
DA:4,1
DA:5,7
DA:6,7
DA:9,1
LF:6
LH:6
BRDA:5,0,0,7
BRDA:5,1,0,7
BRDA:5,1,1,7
BRF:3
BRH:3
end_of_record
TN:
SF:src\core\usecases\notify_task_events.ts
FN:8,(anonymous_0)
FN:18,(anonymous_1)
FN:22,(anonymous_2)
FN:29,(anonymous_3)
FN:36,(anonymous_4)
FN:49,(anonymous_5)
FNF:6
FNH:6
FNDA:1,(anonymous_0)
FNDA:1,(anonymous_1)
FNDA:2,(anonymous_2)
FNDA:1,(anonymous_3)
FNDA:1,(anonymous_4)
FNDA:1,(anonymous_5)
DA:8,1
DA:9,1
DA:10,1
DA:11,1
DA:12,1
DA:15,1
DA:19,1
DA:23,2
DA:30,1
DA:37,1
DA:41,1
DA:42,0
DA:50,1
DA:54,1
DA:55,0
LF:15
LH:13
BRDA:8,0,0,1
BRDA:8,0,1,1
BRDA:41,1,0,0
BRDA:54,2,0,0
BRF:4
BRH:2
end_of_record
TN:
SF:src\infrastructure\container.ts
FNF:0
FNH:0
DA:1,1
DA:2,1
DA:6,1
DA:7,1
DA:9,1
DA:10,1
DA:12,1
DA:24,1
DA:27,1
DA:30,1
DA:40,1
LF:11
LH:11
BRF:0
BRH:0
end_of_record
TN:
SF:src\tests\mocks\AuthService.ts
FNF:0
FNH:0
DA:3,1
LF:1
LH:1
BRF:0
BRH:0
end_of_record
TN:
SF:src\tests\mocks\index.ts
FN:6,(anonymous_0)
FN:17,(anonymous_1)
FNF:2
FNH:2
FNDA:1,(anonymous_0)
FNDA:5,(anonymous_1)
DA:1,1
DA:5,1
DA:7,1
DA:8,1
DA:18,5
DA:19,5
DA:29,5
LF:7
LH:7
BRDA:23,0,0,5
BRDA:23,0,1,0
BRDA:27,1,0,5
BRDA:27,1,1,0
BRF:4
BRH:2
end_of_record
